TN:
SF:src/convertMAD.ts
FN:44,convertMAD
FN:51,ConvertMAD
FN:53,to
FNF:3
FNH:3
FNDA:7,convertMAD
FNDA:2,ConvertMAD
FNDA:2,to
DA:1,1
DA:2,1
DA:3,1
DA:4,1
DA:5,1
DA:6,1
DA:7,1
DA:8,1
DA:9,1
DA:10,1
DA:11,1
DA:12,1
DA:13,1
DA:14,1
DA:15,1
DA:16,1
DA:17,1
DA:18,1
DA:19,1
DA:20,1
DA:21,1
DA:22,1
DA:23,1
DA:24,1
DA:25,1
DA:26,1
DA:27,1
DA:28,1
DA:29,1
DA:30,1
DA:31,1
DA:32,1
DA:33,1
DA:34,1
DA:35,1
DA:36,1
DA:37,1
DA:38,1
DA:39,1
DA:40,1
DA:41,1
DA:42,1
DA:43,1
DA:44,7
DA:45,7
DA:46,1
DA:47,1
DA:48,6
DA:49,6
DA:50,1
DA:51,2
DA:52,2
DA:53,2
DA:54,2
DA:55,2
LF:55
LH:55
BRDA:44,0,0,7
BRDA:45,1,0,1
BRDA:48,2,0,6
BRDA:51,3,0,2
BRDA:53,4,0,2
BRF:5
BRH:5
end_of_record
